<?xml version="1.0" encoding="UTF-8"?>
<testng-results skipped="0" failed="0" ignored="0" total="4" passed="4">
  <reporter-output>
  </reporter-output>
  <suite name="Default suite" duration-ms="13481" started-at="2022-06-25T20:28:30 IST" finished-at="2022-06-25T20:28:44 IST">
    <groups>
    </groups>
    <test name="Default test" duration-ms="13481" started-at="2022-06-25T20:28:30 IST" finished-at="2022-06-25T20:28:44 IST">
      <class name="test.DPTest2">
        <test-method status="PASS" signature="setup()[pri:0, instance:test.DPTest2@587d1d39]" name="setup" is-config="true" duration-ms="5886" started-at="2022-06-25T20:28:24 IST" finished-at="2022-06-25T20:28:30 IST">
          <reporter-output>
          </reporter-output>
        </test-method> <!-- setup -->
        <test-method status="PASS" signature="loginTest(java.lang.String,java.lang.String,java.lang.String,java.lang.String)[pri:0, instance:test.DPTest2@587d1d39]" name="loginTest" duration-ms="527" started-at="2022-06-25T20:28:30 IST" data-provider="logindata" finished-at="2022-06-25T20:28:31 IST">
          <params>
            <param index="0">
              <value>
                <![CDATA[]]>
              </value>
            </param>
            <param index="1">
              <value>
                <![CDATA[]]>
              </value>
            </param>
            <param index="2">
              <value>
                <![CDATA[Please enter email.]]>
              </value>
            </param>
            <param index="3">
              <value>
                <![CDATA[Please enter password.]]>
              </value>
            </param>
          </params>
          <reporter-output>
          </reporter-output>
        </test-method> <!-- loginTest -->
        <test-method status="PASS" signature="loginTest(java.lang.String,java.lang.String,java.lang.String,java.lang.String)[pri:0, instance:test.DPTest2@587d1d39]" name="loginTest" duration-ms="366" started-at="2022-06-25T20:28:31 IST" data-provider="logindata" finished-at="2022-06-25T20:28:31 IST">
          <params>
            <param index="0">
              <value>
                <![CDATA[mangesh]]>
              </value>
            </param>
            <param index="1">
              <value>
                <![CDATA[qwerty]]>
              </value>
            </param>
            <param index="2">
              <value>
                <![CDATA[Please enter email as kiran@gmail.com]]>
              </value>
            </param>
            <param index="3">
              <value>
                <![CDATA[Please enter password 123456]]>
              </value>
            </param>
          </params>
          <reporter-output>
          </reporter-output>
        </test-method> <!-- loginTest -->
        <test-method status="PASS" signature="loginTest(java.lang.String,java.lang.String,java.lang.String,java.lang.String)[pri:0, instance:test.DPTest2@587d1d39]" name="loginTest" duration-ms="11570" started-at="2022-06-25T20:28:31 IST" data-provider="logindata" finished-at="2022-06-25T20:28:43 IST">
          <params>
            <param index="0">
              <value>
                <![CDATA[kiran@gmail.com]]>
              </value>
            </param>
            <param index="1">
              <value>
                <![CDATA[123456]]>
              </value>
            </param>
            <param index="2">
              <value>
                <![CDATA[]]>
              </value>
            </param>
            <param index="3">
              <value>
                <![CDATA[]]>
              </value>
            </param>
          </params>
          <reporter-output>
          </reporter-output>
        </test-method> <!-- loginTest -->
        <test-method status="PASS" signature="loginTest(java.lang.String,java.lang.String,java.lang.String,java.lang.String)[pri:0, instance:test.DPTest2@587d1d39]" name="loginTest" duration-ms="944" started-at="2022-06-25T20:28:43 IST" data-provider="logindata" finished-at="2022-06-25T20:28:44 IST">
          <params>
            <param index="0">
              <value>
                <![CDATA[kiran@gmail.com]]>
              </value>
            </param>
            <param index="1">
              <value>
                <![CDATA[123wsdr]]>
              </value>
            </param>
            <param index="2">
              <value>
                <![CDATA[]]>
              </value>
            </param>
            <param index="3">
              <value>
                <![CDATA[Please enter password 123456]]>
              </value>
            </param>
          </params>
          <reporter-output>
          </reporter-output>
        </test-method> <!-- loginTest -->
      </class> <!-- test.DPTest2 -->
    </test> <!-- Default test -->
  </suite> <!-- Default suite -->
</testng-results>
