<?xml version="1.0" encoding="UTF-8"?>
<!-- Generated by org.testng.reporters.JUnitXMLReporter -->
<testsuite hostname="DESKTOP-J4P07RR" ignored="0" name="Default test" tests="4" failures="0" timestamp="2022-06-25T20:28:44 IST" time="13.481" errors="0">
  <testcase name="loginTest" time="0.527" classname="test.DPTest2"/>
  <testcase name="loginTest" time="0.366" classname="test.DPTest2"/>
  <testcase name="loginTest" time="11.57" classname="test.DPTest2"/>
  <testcase name="loginTest" time="0.944" classname="test.DPTest2"/>
</testsuite> <!-- Default test -->
